<<<<<<< Updated upstream
[14-Jun-2021 01:48:50 Europe/Berlin] PHP Warning:  Undefined variable $word in C:\xampp\htdocs\synonyms\puzzle1.php on line 54
[14-Jun-2021 01:48:50 Europe/Berlin] The input word is : 
[14-Jun-2021 01:48:50 Europe/Berlin] PHP Warning:  Undefined variable $word in C:\xampp\htdocs\synonyms\puzzle1.php on line 56
[14-Jun-2021 01:48:50 Europe/Berlin] PHP Warning:  Undefined variable $word in C:\xampp\htdocs\synonyms\puzzle1.php on line 57
[14-Jun-2021 01:48:50 Europe/Berlin] PHP Warning:  Undefined variable $word in C:\xampp\htdocs\synonyms\puzzle1.php on line 61
[14-Jun-2021 01:48:50 Europe/Berlin] It contains 0 characters
[14-Jun-2021 01:51:55 Europe/Berlin] PHP Warning:  Undefined variable $word in C:\xampp\htdocs\synonyms\puzzle1.php on line 54
[14-Jun-2021 01:51:55 Europe/Berlin] The input word is : 
[14-Jun-2021 01:51:55 Europe/Berlin] PHP Warning:  Undefined variable $word in C:\xampp\htdocs\synonyms\puzzle1.php on line 56
[14-Jun-2021 01:51:55 Europe/Berlin] PHP Warning:  Undefined variable $word in C:\xampp\htdocs\synonyms\puzzle1.php on line 57
[14-Jun-2021 01:51:55 Europe/Berlin] PHP Warning:  Undefined variable $word in C:\xampp\htdocs\synonyms\puzzle1.php on line 61
[14-Jun-2021 01:51:55 Europe/Berlin] It contains 0 characters
[14-Jun-2021 01:52:17 Europe/Berlin] PHP Warning:  Undefined variable $word in C:\xampp\htdocs\synonyms\puzzle1.php on line 54
[14-Jun-2021 01:52:17 Europe/Berlin] The input word is : 
[14-Jun-2021 01:52:17 Europe/Berlin] PHP Warning:  Undefined variable $word in C:\xampp\htdocs\synonyms\puzzle1.php on line 56
[14-Jun-2021 01:52:17 Europe/Berlin] PHP Warning:  Undefined variable $word in C:\xampp\htdocs\synonyms\puzzle1.php on line 57
[14-Jun-2021 01:52:17 Europe/Berlin] PHP Warning:  Undefined variable $word in C:\xampp\htdocs\synonyms\puzzle1.php on line 61
[14-Jun-2021 01:52:17 Europe/Berlin] It contains 0 characters
[14-Jun-2021 01:53:53 Europe/Berlin] PHP Warning:  Undefined variable $word in C:\xampp\htdocs\synonyms\puzzle1.php on line 54
[14-Jun-2021 01:53:53 Europe/Berlin] The input word is : 
[14-Jun-2021 01:53:53 Europe/Berlin] PHP Warning:  Undefined variable $word in C:\xampp\htdocs\synonyms\puzzle1.php on line 56
[14-Jun-2021 01:53:54 Europe/Berlin] PHP Warning:  Undefined variable $word in C:\xampp\htdocs\synonyms\puzzle1.php on line 57
[14-Jun-2021 01:53:54 Europe/Berlin] PHP Warning:  Undefined variable $word in C:\xampp\htdocs\synonyms\puzzle1.php on line 61
[14-Jun-2021 01:53:54 Europe/Berlin] It contains 0 characters
[14-Jun-2021 01:55:42 Europe/Berlin] PHP Warning:  Undefined variable $word in C:\xampp\htdocs\synonyms\puzzle1.php on line 54
[14-Jun-2021 01:55:42 Europe/Berlin] The input word is : 
[14-Jun-2021 01:55:42 Europe/Berlin] PHP Warning:  Undefined variable $word in C:\xampp\htdocs\synonyms\puzzle1.php on line 56
[14-Jun-2021 01:55:42 Europe/Berlin] PHP Warning:  Undefined variable $word in C:\xampp\htdocs\synonyms\puzzle1.php on line 57
[14-Jun-2021 01:55:42 Europe/Berlin] PHP Warning:  Undefined variable $word in C:\xampp\htdocs\synonyms\puzzle1.php on line 61
[14-Jun-2021 01:55:42 Europe/Berlin] It contains 0 characters
[14-Jun-2021 01:55:51 Europe/Berlin] PHP Warning:  Undefined variable $word in C:\xampp\htdocs\synonyms\puzzle1.php on line 54
[14-Jun-2021 01:55:51 Europe/Berlin] The input word is : 
[14-Jun-2021 01:55:52 Europe/Berlin] PHP Warning:  Undefined variable $word in C:\xampp\htdocs\synonyms\puzzle1.php on line 56
[14-Jun-2021 01:55:52 Europe/Berlin] PHP Warning:  Undefined variable $word in C:\xampp\htdocs\synonyms\puzzle1.php on line 57
[14-Jun-2021 01:55:52 Europe/Berlin] PHP Warning:  Undefined variable $word in C:\xampp\htdocs\synonyms\puzzle1.php on line 61
[14-Jun-2021 01:55:52 Europe/Berlin] It contains 0 characters
[14-Jun-2021 01:56:14 Europe/Berlin] PHP Warning:  Undefined variable $word in C:\xampp\htdocs\synonyms\puzzle1.php on line 54
[14-Jun-2021 01:56:15 Europe/Berlin] The input word is : 
[14-Jun-2021 01:56:15 Europe/Berlin] PHP Warning:  Undefined variable $word in C:\xampp\htdocs\synonyms\puzzle1.php on line 56
[14-Jun-2021 01:56:15 Europe/Berlin] PHP Warning:  Undefined variable $word in C:\xampp\htdocs\synonyms\puzzle1.php on line 57
[14-Jun-2021 01:56:15 Europe/Berlin] PHP Warning:  Undefined variable $word in C:\xampp\htdocs\synonyms\puzzle1.php on line 61
[14-Jun-2021 01:56:15 Europe/Berlin] It contains 0 characters
[14-Jun-2021 01:58:58 Europe/Berlin] PHP Warning:  Undefined variable $word in C:\xampp\htdocs\synonyms\puzzle1.php on line 54
[14-Jun-2021 01:58:58 Europe/Berlin] The input word is : 
[14-Jun-2021 01:58:58 Europe/Berlin] PHP Warning:  Undefined variable $word in C:\xampp\htdocs\synonyms\puzzle1.php on line 56
[14-Jun-2021 01:58:58 Europe/Berlin] PHP Warning:  Undefined variable $word in C:\xampp\htdocs\synonyms\puzzle1.php on line 57
[14-Jun-2021 01:58:59 Europe/Berlin] PHP Warning:  Undefined variable $word in C:\xampp\htdocs\synonyms\puzzle1.php on line 61
[14-Jun-2021 01:58:59 Europe/Berlin] It contains 0 characters
[14-Jun-2021 02:00:21 Europe/Berlin] PHP Warning:  Undefined variable $word in C:\xampp\htdocs\synonyms\puzzle1.php on line 54
[14-Jun-2021 02:00:21 Europe/Berlin] The input word is : 
[14-Jun-2021 02:00:21 Europe/Berlin] PHP Warning:  Undefined variable $word in C:\xampp\htdocs\synonyms\puzzle1.php on line 56
[14-Jun-2021 02:00:21 Europe/Berlin] PHP Warning:  Undefined variable $word in C:\xampp\htdocs\synonyms\puzzle1.php on line 57
[14-Jun-2021 02:00:21 Europe/Berlin] PHP Warning:  Undefined variable $word in C:\xampp\htdocs\synonyms\puzzle1.php on line 61
[14-Jun-2021 02:00:21 Europe/Berlin] It contains 0 characters
[14-Jun-2021 02:01:37 Europe/Berlin] PHP Warning:  Undefined array key "puzzleWord" in C:\xampp\htdocs\synonyms\puzzle1.php on line 52
[14-Jun-2021 02:01:37 Europe/Berlin] The input word is : 
[14-Jun-2021 02:01:37 Europe/Berlin] It contains 0 characters
[14-Jun-2021 02:02:15 Europe/Berlin] The input word is : cat
[14-Jun-2021 02:02:15 Europe/Berlin] It contains 3 characters
[14-Jun-2021 02:02:15 Europe/Berlin]  This is the trimmed collection for c
[14-Jun-2021 02:02:15 Europe/Berlin] PHP Fatal error:  Uncaught TypeError: implode(): Argument #2 ($array) must be of type ?array, string given in C:\xampp\htdocs\synonyms\puzzle1.php:99
Stack trace:
#0 C:\xampp\htdocs\synonyms\puzzle1.php(99): implode(Array, ',')
#1 {main}
  thrown in C:\xampp\htdocs\synonyms\puzzle1.php on line 99
[14-Jun-2021 02:03:24 Europe/Berlin] The input word is : cat
[14-Jun-2021 02:03:24 Europe/Berlin] It contains 3 characters
[14-Jun-2021 02:03:25 Europe/Berlin]  This is the trimmed collection for c
[14-Jun-2021 02:03:25 Europe/Berlin] The words selected for each character are: 
[14-Jun-2021 02:03:25 Europe/Berlin] PHP Fatal error:  Uncaught TypeError: implode(): Argument #2 ($array) must be of type ?array, string given in C:\xampp\htdocs\synonyms\puzzle1.php:253
Stack trace:
#0 C:\xampp\htdocs\synonyms\puzzle1.php(253): implode(Array, ',')
#1 {main}
  thrown in C:\xampp\htdocs\synonyms\puzzle1.php on line 253
[14-Jun-2021 02:03:50 Europe/Berlin] The input word is : cat
[14-Jun-2021 02:03:50 Europe/Berlin] It contains 3 characters
[14-Jun-2021 02:03:50 Europe/Berlin]  This is the trimmed collection for c
[14-Jun-2021 02:03:50 Europe/Berlin] The words selected for each character are: 
[14-Jun-2021 02:03:50 Europe/Berlin] PHP Fatal error:  Uncaught TypeError: implode(): Argument #2 ($array) must be of type ?array, string given in C:\xampp\htdocs\synonyms\puzzle1.php:253
Stack trace:
#0 C:\xampp\htdocs\synonyms\puzzle1.php(253): implode(Array, ',')
#1 {main}
  thrown in C:\xampp\htdocs\synonyms\puzzle1.php on line 253
[14-Jun-2021 02:04:00 Europe/Berlin] The input word is : cat
[14-Jun-2021 02:04:01 Europe/Berlin] It contains 3 characters
[14-Jun-2021 02:04:01 Europe/Berlin]  This is the trimmed collection for c
[14-Jun-2021 02:04:01 Europe/Berlin] The words selected for each character are: 
[14-Jun-2021 02:04:01 Europe/Berlin] PHP Fatal error:  Uncaught TypeError: in_array(): Argument #2 ($haystack) must be of type array, string given in C:\xampp\htdocs\synonyms\puzzle1.php:284
Stack trace:
#0 C:\xampp\htdocs\synonyms\puzzle1.php(284): in_array(Array, 'compose', true)
#1 {main}
  thrown in C:\xampp\htdocs\synonyms\puzzle1.php on line 284
[14-Jun-2021 02:06:03 Europe/Berlin] The input word is : cat
[14-Jun-2021 02:06:03 Europe/Berlin] It contains 3 characters
[14-Jun-2021 02:06:03 Europe/Berlin]  This is the trimmed collection for c
[14-Jun-2021 02:06:03 Europe/Berlin] The words selected for each character are: 
[14-Jun-2021 02:06:03 Europe/Berlin] PHP Warning:  Undefined variable $masterWord in C:\xampp\htdocs\synonyms\puzzle1.php on line 315
[14-Jun-2021 02:06:03 Europe/Berlin] PHP Warning:  Undefined variable $masterWord in C:\xampp\htdocs\synonyms\puzzle1.php on line 317
[14-Jun-2021 02:06:03 Europe/Berlin]  This is the trimmed collection for a
[14-Jun-2021 02:06:03 Europe/Berlin] The words selected for each character are: 
[14-Jun-2021 02:06:03 Europe/Berlin] PHP Warning:  Undefined variable $masterWord in C:\xampp\htdocs\synonyms\puzzle1.php on line 315
[14-Jun-2021 02:06:03 Europe/Berlin] PHP Warning:  Undefined variable $masterWord in C:\xampp\htdocs\synonyms\puzzle1.php on line 317
[14-Jun-2021 02:06:03 Europe/Berlin]  This is the trimmed collection for t
[14-Jun-2021 02:06:03 Europe/Berlin] The words selected for each character are: 
[14-Jun-2021 02:06:03 Europe/Berlin] PHP Warning:  Undefined variable $masterWord in C:\xampp\htdocs\synonyms\puzzle1.php on line 315
[14-Jun-2021 02:06:03 Europe/Berlin] PHP Warning:  Undefined variable $masterWord in C:\xampp\htdocs\synonyms\puzzle1.php on line 317
[14-Jun-2021 02:12:01 Europe/Berlin] The input word is : cat
[14-Jun-2021 02:12:01 Europe/Berlin] It contains 3 characters
[14-Jun-2021 02:12:01 Europe/Berlin]  This is the trimmed collection for c
[14-Jun-2021 02:12:01 Europe/Berlin] The words selected for each character are: 
[14-Jun-2021 02:12:01 Europe/Berlin]  This is the trimmed collection for a
[14-Jun-2021 02:12:01 Europe/Berlin] The words selected for each character are: 
[14-Jun-2021 02:12:01 Europe/Berlin]  This is the trimmed collection for t
[14-Jun-2021 02:12:01 Europe/Berlin] The words selected for each character are: 
[14-Jun-2021 02:13:36 Europe/Berlin] The input word is : fish
[14-Jun-2021 02:13:36 Europe/Berlin] It contains 4 characters
[14-Jun-2021 02:13:36 Europe/Berlin]  This is the trimmed collection for f
[14-Jun-2021 02:13:36 Europe/Berlin] The words selected for each character are: 
[14-Jun-2021 02:13:36 Europe/Berlin]  This is the trimmed collection for i
[14-Jun-2021 02:13:36 Europe/Berlin] The words selected for each character are: 
[14-Jun-2021 02:13:36 Europe/Berlin]  This is the trimmed collection for s
[14-Jun-2021 02:13:36 Europe/Berlin] The words selected for each character are: 
[14-Jun-2021 02:13:36 Europe/Berlin]  This is the trimmed collection for h
[14-Jun-2021 02:13:36 Europe/Berlin] The words selected for each character are: 
[14-Jun-2021 02:21:07 Europe/Berlin] The input word is : fish
[14-Jun-2021 02:21:07 Europe/Berlin] It contains 4 characters
[14-Jun-2021 02:21:07 Europe/Berlin]  This is the trimmed collection for f
[14-Jun-2021 02:21:07 Europe/Berlin] The words selected for each character are: 
[14-Jun-2021 02:21:07 Europe/Berlin]  This is the trimmed collection for i
[14-Jun-2021 02:21:07 Europe/Berlin] The words selected for each character are: 
[14-Jun-2021 02:21:07 Europe/Berlin]  This is the trimmed collection for s
[14-Jun-2021 02:21:07 Europe/Berlin] The words selected for each character are: 
[14-Jun-2021 02:21:07 Europe/Berlin]  This is the trimmed collection for h
[14-Jun-2021 02:21:07 Europe/Berlin] The words selected for each character are: 
[14-Jun-2021 02:21:38 Europe/Berlin] The input word is : fish
[14-Jun-2021 02:21:38 Europe/Berlin] It contains 4 characters
[14-Jun-2021 02:21:38 Europe/Berlin]  This is the trimmed collection for f
[14-Jun-2021 02:21:38 Europe/Berlin] The words selected for each character are: 
[14-Jun-2021 02:21:38 Europe/Berlin]  This is the trimmed collection for i
[14-Jun-2021 02:21:38 Europe/Berlin] The words selected for each character are: 
[14-Jun-2021 02:21:38 Europe/Berlin]  This is the trimmed collection for s
[14-Jun-2021 02:21:38 Europe/Berlin] The words selected for each character are: 
[14-Jun-2021 02:21:38 Europe/Berlin]  This is the trimmed collection for h
[14-Jun-2021 02:21:39 Europe/Berlin] The words selected for each character are: 
[14-Jun-2021 02:22:21 Europe/Berlin] The input word is : fish
[14-Jun-2021 02:22:22 Europe/Berlin] It contains 4 characters
[14-Jun-2021 02:22:22 Europe/Berlin]  This is the trimmed collection for f
[14-Jun-2021 02:22:22 Europe/Berlin] The words selected for each character are: 
[14-Jun-2021 02:22:22 Europe/Berlin] PHP Warning:  Undefined variable $masterWord in C:\xampp\htdocs\synonyms\puzzle1.php on line 315
[14-Jun-2021 02:22:22 Europe/Berlin] PHP Warning:  Undefined variable $masterWord in C:\xampp\htdocs\synonyms\puzzle1.php on line 317
[14-Jun-2021 02:22:22 Europe/Berlin]  This is the trimmed collection for i
[14-Jun-2021 02:22:22 Europe/Berlin] The words selected for each character are: 
[14-Jun-2021 02:22:22 Europe/Berlin] PHP Warning:  Undefined variable $masterWord in C:\xampp\htdocs\synonyms\puzzle1.php on line 315
[14-Jun-2021 02:22:22 Europe/Berlin] PHP Warning:  Undefined variable $masterWord in C:\xampp\htdocs\synonyms\puzzle1.php on line 317
[14-Jun-2021 02:22:22 Europe/Berlin]  This is the trimmed collection for s
[14-Jun-2021 02:22:22 Europe/Berlin] The words selected for each character are: 
[14-Jun-2021 02:22:22 Europe/Berlin] PHP Warning:  Undefined variable $masterWord in C:\xampp\htdocs\synonyms\puzzle1.php on line 315
[14-Jun-2021 02:22:22 Europe/Berlin] PHP Warning:  Undefined variable $masterWord in C:\xampp\htdocs\synonyms\puzzle1.php on line 317
[14-Jun-2021 02:22:23 Europe/Berlin]  This is the trimmed collection for h
[14-Jun-2021 02:22:23 Europe/Berlin] The words selected for each character are: 
[14-Jun-2021 02:22:23 Europe/Berlin] PHP Warning:  Undefined variable $masterWord in C:\xampp\htdocs\synonyms\puzzle1.php on line 315
[14-Jun-2021 02:22:23 Europe/Berlin] PHP Warning:  Undefined variable $masterWord in C:\xampp\htdocs\synonyms\puzzle1.php on line 317
[14-Jun-2021 02:24:55 Europe/Berlin] The input word is : fish
[14-Jun-2021 02:24:55 Europe/Berlin] It contains 4 characters
[14-Jun-2021 02:24:55 Europe/Berlin]  This is the trimmed collection for f
[14-Jun-2021 02:24:55 Europe/Berlin] The words selected for each character are: 
[14-Jun-2021 02:24:56 Europe/Berlin] PHP Fatal error:  Uncaught TypeError: in_array(): Argument #2 ($haystack) must be of type array, string given in C:\xampp\htdocs\synonyms\puzzle1.php:284
Stack trace:
#0 C:\xampp\htdocs\synonyms\puzzle1.php(284): in_array(Array, 'father', true)
#1 {main}
  thrown in C:\xampp\htdocs\synonyms\puzzle1.php on line 284
[14-Jun-2021 02:31:31 Europe/Berlin] The input word is : fish
[14-Jun-2021 02:31:31 Europe/Berlin] It contains 4 characters
[14-Jun-2021 02:31:31 Europe/Berlin]  This is the trimmed collection for f
[14-Jun-2021 02:31:31 Europe/Berlin] The words selected for each character are: 
[14-Jun-2021 02:31:31 Europe/Berlin] PHP Fatal error:  Uncaught TypeError: in_array(): Argument #2 ($haystack) must be of type array, string given in C:\xampp\htdocs\synonyms\puzzle1.php:284
Stack trace:
#0 C:\xampp\htdocs\synonyms\puzzle1.php(284): in_array(Array, 'father', true)
#1 {main}
  thrown in C:\xampp\htdocs\synonyms\puzzle1.php on line 284
[14-Jun-2021 02:31:43 Europe/Berlin] The input word is : fish
[14-Jun-2021 02:31:43 Europe/Berlin] It contains 4 characters
[14-Jun-2021 02:31:43 Europe/Berlin]  This is the trimmed collection for f
[14-Jun-2021 02:31:43 Europe/Berlin] The words selected for each character are: 
[14-Jun-2021 02:31:43 Europe/Berlin]  This is the trimmed collection for i
[14-Jun-2021 02:31:43 Europe/Berlin] The words selected for each character are: 
[14-Jun-2021 02:31:44 Europe/Berlin]  This is the trimmed collection for s
[14-Jun-2021 02:31:44 Europe/Berlin] The words selected for each character are: 
[14-Jun-2021 02:31:44 Europe/Berlin]  This is the trimmed collection for h
[14-Jun-2021 02:31:44 Europe/Berlin] The words selected for each character are: 
[14-Jun-2021 02:32:16 Europe/Berlin] The input word is : fish
[14-Jun-2021 02:32:16 Europe/Berlin] It contains 4 characters
[14-Jun-2021 02:32:16 Europe/Berlin]  This is the trimmed collection for f
[14-Jun-2021 02:32:16 Europe/Berlin] The words selected for each character are: 
[14-Jun-2021 02:32:16 Europe/Berlin] PHP Fatal error:  Uncaught TypeError: in_array(): Argument #2 ($haystack) must be of type array, string given in C:\xampp\htdocs\synonyms\puzzle1.php:284
Stack trace:
#0 C:\xampp\htdocs\synonyms\puzzle1.php(284): in_array(Array, 'father', true)
#1 {main}
  thrown in C:\xampp\htdocs\synonyms\puzzle1.php on line 284
[14-Jun-2021 02:33:55 Europe/Berlin] The input word is : fish
[14-Jun-2021 02:33:56 Europe/Berlin] It contains 4 characters
[14-Jun-2021 02:33:56 Europe/Berlin]  This is the trimmed collection for f
[14-Jun-2021 02:33:56 Europe/Berlin] The words selected for each character are: 
[14-Jun-2021 02:33:56 Europe/Berlin]  This is the trimmed collection for i
[14-Jun-2021 02:33:56 Europe/Berlin] The words selected for each character are: 
[14-Jun-2021 02:33:56 Europe/Berlin]  This is the trimmed collection for s
[14-Jun-2021 02:33:56 Europe/Berlin] The words selected for each character are: 
[14-Jun-2021 02:33:56 Europe/Berlin]  This is the trimmed collection for h
[14-Jun-2021 02:33:56 Europe/Berlin] The words selected for each character are: 
[14-Jun-2021 03:10:48 Europe/Berlin] The input word is : fish
[14-Jun-2021 03:10:48 Europe/Berlin] It contains 4 characters
[14-Jun-2021 03:10:48 Europe/Berlin]  This is the trimmed collection for f
[14-Jun-2021 03:10:48 Europe/Berlin] The words selected for each character are: 
[14-Jun-2021 03:10:48 Europe/Berlin]  This is the trimmed collection for i
[14-Jun-2021 03:10:48 Europe/Berlin] The words selected for each character are: 
[14-Jun-2021 03:10:48 Europe/Berlin]  This is the trimmed collection for s
[14-Jun-2021 03:10:48 Europe/Berlin] The words selected for each character are: 
[14-Jun-2021 03:10:48 Europe/Berlin]  This is the trimmed collection for h
[14-Jun-2021 03:10:48 Europe/Berlin] The words selected for each character are: 
[14-Jun-2021 03:15:26 Europe/Berlin] The input word is : fish
[14-Jun-2021 03:15:26 Europe/Berlin] It contains 4 characters
[14-Jun-2021 03:15:26 Europe/Berlin]  This is the trimmed collection for f
[14-Jun-2021 03:15:26 Europe/Berlin] The words selected for each character are: 
[14-Jun-2021 03:15:26 Europe/Berlin] PHP Fatal error:  Uncaught Error: Undefined constant "string" in C:\xampp\htdocs\synonyms\puzzle1.php:267
Stack trace:
#0 {main}
  thrown in C:\xampp\htdocs\synonyms\puzzle1.php on line 267
[14-Jun-2021 03:17:08 Europe/Berlin] The input word is : fish
[14-Jun-2021 03:17:08 Europe/Berlin] It contains 4 characters
[14-Jun-2021 03:17:08 Europe/Berlin]  This is the trimmed collection for f
[14-Jun-2021 03:17:09 Europe/Berlin] The words selected for each character are: 
[14-Jun-2021 03:17:09 Europe/Berlin] PHP Fatal error:  Uncaught TypeError: array_push(): Argument #1 ($array) must be of type array, string given in C:\xampp\htdocs\synonyms\puzzle1.php:277
Stack trace:
#0 C:\xampp\htdocs\synonyms\puzzle1.php(277): array_push('string', 'father')
#1 {main}
  thrown in C:\xampp\htdocs\synonyms\puzzle1.php on line 277
[14-Jun-2021 03:18:31 Europe/Berlin] The input word is : fish
[14-Jun-2021 03:18:31 Europe/Berlin] It contains 4 characters
[14-Jun-2021 03:18:31 Europe/Berlin]  This is the trimmed collection for f
[14-Jun-2021 03:18:31 Europe/Berlin] The words selected for each character are: 
[14-Jun-2021 03:18:31 Europe/Berlin] PHP Fatal error:  Uncaught TypeError: in_array(): Argument #2 ($haystack) must be of type array, string given in C:\xampp\htdocs\synonyms\puzzle1.php:284
Stack trace:
#0 C:\xampp\htdocs\synonyms\puzzle1.php(284): in_array(Array, 'father', true)
#1 {main}
  thrown in C:\xampp\htdocs\synonyms\puzzle1.php on line 284
[14-Jun-2021 03:26:25 Europe/Berlin] The input word is : fish
[14-Jun-2021 03:26:25 Europe/Berlin] It contains 4 characters
[14-Jun-2021 03:26:25 Europe/Berlin]  This is the trimmed collection for f
[14-Jun-2021 03:26:25 Europe/Berlin] The words selected for each character are: 
[14-Jun-2021 03:26:25 Europe/Berlin] PHP Fatal error:  Uncaught TypeError: in_array(): Argument #2 ($haystack) must be of type array, string given in C:\xampp\htdocs\synonyms\puzzle1.php:284
Stack trace:
#0 C:\xampp\htdocs\synonyms\puzzle1.php(284): in_array(Array, 'father', true)
#1 {main}
  thrown in C:\xampp\htdocs\synonyms\puzzle1.php on line 284
[14-Jun-2021 03:35:54 Europe/Berlin] The input word is : fish
[14-Jun-2021 03:35:54 Europe/Berlin] It contains 4 characters
[14-Jun-2021 03:35:54 Europe/Berlin]  This is the trimmed collection for f
[14-Jun-2021 03:35:54 Europe/Berlin] The words selected for each character are: 
[14-Jun-2021 03:35:55 Europe/Berlin] PHP Fatal error:  Uncaught TypeError: in_array(): Argument #2 ($haystack) must be of type array, string given in C:\xampp\htdocs\synonyms\puzzle1.php:284
Stack trace:
#0 C:\xampp\htdocs\synonyms\puzzle1.php(284): in_array(Array, 'father')
#1 {main}
  thrown in C:\xampp\htdocs\synonyms\puzzle1.php on line 284
[14-Jun-2021 03:37:45 Europe/Berlin] The input word is : fish
[14-Jun-2021 03:37:45 Europe/Berlin] It contains 4 characters
[14-Jun-2021 03:37:45 Europe/Berlin]  This is the trimmed collection for f
[14-Jun-2021 03:37:45 Europe/Berlin] The words selected for each character are: 
[14-Jun-2021 03:37:45 Europe/Berlin]  This is the trimmed collection for i
[14-Jun-2021 03:37:45 Europe/Berlin] The words selected for each character are: 
[14-Jun-2021 03:37:45 Europe/Berlin]  This is the trimmed collection for s
[14-Jun-2021 03:37:45 Europe/Berlin] The words selected for each character are: 
[14-Jun-2021 03:37:45 Europe/Berlin]  This is the trimmed collection for h
[14-Jun-2021 03:37:45 Europe/Berlin] The words selected for each character are: 
=======
[15-Jun-2021 03:49:52 Europe/Berlin] PHP Warning:  Undefined variable $word in C:\xampp\htdocs\synonyms\puzzle1.php on line 54
[15-Jun-2021 03:49:52 Europe/Berlin] The input word is : 
[15-Jun-2021 03:49:52 Europe/Berlin] PHP Warning:  Undefined variable $word in C:\xampp\htdocs\synonyms\puzzle1.php on line 56
[15-Jun-2021 03:49:52 Europe/Berlin] PHP Warning:  Undefined variable $word in C:\xampp\htdocs\synonyms\puzzle1.php on line 57
[15-Jun-2021 03:49:52 Europe/Berlin] PHP Warning:  Undefined variable $word in C:\xampp\htdocs\synonyms\puzzle1.php on line 61
[15-Jun-2021 03:49:52 Europe/Berlin] It contains 0 characters
[15-Jun-2021 03:51:40 Europe/Berlin] PHP Warning:  Undefined variable $word in C:\xampp\htdocs\synonyms\puzzle1.php on line 54
[15-Jun-2021 03:51:40 Europe/Berlin] The input word is : 
[15-Jun-2021 03:51:40 Europe/Berlin] PHP Warning:  Undefined variable $word in C:\xampp\htdocs\synonyms\puzzle1.php on line 56
[15-Jun-2021 03:51:40 Europe/Berlin] PHP Warning:  Undefined variable $word in C:\xampp\htdocs\synonyms\puzzle1.php on line 57
[15-Jun-2021 03:51:40 Europe/Berlin] PHP Warning:  Undefined variable $word in C:\xampp\htdocs\synonyms\puzzle1.php on line 61
[15-Jun-2021 03:51:40 Europe/Berlin] It contains 0 characters
[15-Jun-2021 03:51:43 Europe/Berlin] PHP Warning:  Undefined variable $word in C:\xampp\htdocs\synonyms\puzzle1.php on line 54
[15-Jun-2021 03:51:43 Europe/Berlin] The input word is : 
[15-Jun-2021 03:51:43 Europe/Berlin] PHP Warning:  Undefined variable $word in C:\xampp\htdocs\synonyms\puzzle1.php on line 56
[15-Jun-2021 03:51:43 Europe/Berlin] PHP Warning:  Undefined variable $word in C:\xampp\htdocs\synonyms\puzzle1.php on line 57
[15-Jun-2021 03:51:43 Europe/Berlin] PHP Warning:  Undefined variable $word in C:\xampp\htdocs\synonyms\puzzle1.php on line 61
[15-Jun-2021 03:51:43 Europe/Berlin] It contains 0 characters
[15-Jun-2021 03:51:48 Europe/Berlin] The input word is : fish
[15-Jun-2021 03:51:48 Europe/Berlin] It contains 4 characters
[15-Jun-2021 03:51:48 Europe/Berlin]  This is the trimmed collection for f
[15-Jun-2021 03:51:48 Europe/Berlin] The words selected for each character are: 
[15-Jun-2021 03:51:48 Europe/Berlin]  This is the trimmed collection for i
[15-Jun-2021 03:51:48 Europe/Berlin] The words selected for each character are: 
[15-Jun-2021 03:51:49 Europe/Berlin]  This is the trimmed collection for s
[15-Jun-2021 03:51:49 Europe/Berlin] The words selected for each character are: 
[15-Jun-2021 03:51:49 Europe/Berlin]  This is the trimmed collection for h
[15-Jun-2021 03:51:49 Europe/Berlin] The words selected for each character are: 
[16-Jun-2021 01:06:48 Europe/Berlin] The input word is : fish
[16-Jun-2021 01:06:48 Europe/Berlin] It contains 4 characters
[16-Jun-2021 01:06:48 Europe/Berlin]  This is the trimmed collection for f
[16-Jun-2021 01:06:48 Europe/Berlin] The words selected for each character are: 
[16-Jun-2021 01:06:48 Europe/Berlin]  This is the trimmed collection for i
[16-Jun-2021 01:06:48 Europe/Berlin] The words selected for each character are: 
[16-Jun-2021 01:06:48 Europe/Berlin]  This is the trimmed collection for s
[16-Jun-2021 01:06:48 Europe/Berlin] The words selected for each character are: 
[16-Jun-2021 01:06:48 Europe/Berlin]  This is the trimmed collection for h
[16-Jun-2021 01:06:48 Europe/Berlin] The words selected for each character are: 
[16-Jun-2021 01:09:19 Europe/Berlin] The input word is : fish
[16-Jun-2021 01:09:19 Europe/Berlin] It contains 4 characters
[16-Jun-2021 01:09:19 Europe/Berlin]  This is the trimmed collection for f
[16-Jun-2021 01:09:19 Europe/Berlin] The words selected for each character are: 
[16-Jun-2021 01:09:19 Europe/Berlin]  This is the trimmed collection for i
[16-Jun-2021 01:09:19 Europe/Berlin] The words selected for each character are: 
[16-Jun-2021 01:09:19 Europe/Berlin]  This is the trimmed collection for s
[16-Jun-2021 01:09:19 Europe/Berlin] The words selected for each character are: 
[16-Jun-2021 01:09:19 Europe/Berlin]  This is the trimmed collection for h
[16-Jun-2021 01:09:19 Europe/Berlin] The words selected for each character are: 
[18-Jun-2021 07:52:05 Europe/Berlin] The input word is : fish
[18-Jun-2021 07:52:05 Europe/Berlin] It contains 4 characters
[18-Jun-2021 07:52:05 Europe/Berlin]  This is the trimmed collection for f
[18-Jun-2021 07:52:05 Europe/Berlin] The words selected for each character are: 
[18-Jun-2021 07:52:05 Europe/Berlin]  This is the trimmed collection for i
[18-Jun-2021 07:52:05 Europe/Berlin] The words selected for each character are: 
[18-Jun-2021 07:52:05 Europe/Berlin]  This is the trimmed collection for s
[18-Jun-2021 07:52:05 Europe/Berlin] The words selected for each character are: 
[18-Jun-2021 07:52:05 Europe/Berlin]  This is the trimmed collection for h
[18-Jun-2021 07:52:05 Europe/Berlin] The words selected for each character are: 
[18-Jun-2021 07:52:30 Europe/Berlin] The input word is : fish
[18-Jun-2021 07:52:30 Europe/Berlin] It contains 4 characters
[18-Jun-2021 07:52:30 Europe/Berlin]  This is the trimmed collection for f
[18-Jun-2021 07:52:30 Europe/Berlin] The words selected for each character are: 
[18-Jun-2021 07:52:30 Europe/Berlin]  This is the trimmed collection for i
[18-Jun-2021 07:52:30 Europe/Berlin] The words selected for each character are: 
[18-Jun-2021 07:52:30 Europe/Berlin]  This is the trimmed collection for s
[18-Jun-2021 07:52:30 Europe/Berlin] The words selected for each character are: 
[18-Jun-2021 07:52:30 Europe/Berlin]  This is the trimmed collection for h
[18-Jun-2021 07:52:30 Europe/Berlin] The words selected for each character are: 
[18-Jun-2021 07:52:40 Europe/Berlin] The input word is : fish
[18-Jun-2021 07:52:40 Europe/Berlin] It contains 4 characters
[18-Jun-2021 07:52:40 Europe/Berlin]  This is the trimmed collection for f
[18-Jun-2021 07:52:40 Europe/Berlin] The words selected for each character are: 
[18-Jun-2021 07:52:40 Europe/Berlin]  This is the trimmed collection for i
[18-Jun-2021 07:52:40 Europe/Berlin] The words selected for each character are: 
[18-Jun-2021 07:52:40 Europe/Berlin]  This is the trimmed collection for s
[18-Jun-2021 07:52:40 Europe/Berlin] The words selected for each character are: 
[18-Jun-2021 07:52:40 Europe/Berlin]  This is the trimmed collection for h
[18-Jun-2021 07:52:40 Europe/Berlin] The words selected for each character are: 
[18-Jun-2021 07:53:41 Europe/Berlin] The input word is : fish
[18-Jun-2021 07:53:42 Europe/Berlin] It contains 4 characters
[18-Jun-2021 07:53:42 Europe/Berlin]  This is the trimmed collection for f
[18-Jun-2021 07:53:42 Europe/Berlin] The words selected for each character are: 
[18-Jun-2021 07:53:42 Europe/Berlin]  This is the trimmed collection for i
[18-Jun-2021 07:53:42 Europe/Berlin] The words selected for each character are: 
[18-Jun-2021 07:53:42 Europe/Berlin]  This is the trimmed collection for s
[18-Jun-2021 07:53:42 Europe/Berlin] The words selected for each character are: 
[18-Jun-2021 07:53:42 Europe/Berlin]  This is the trimmed collection for h
[18-Jun-2021 07:53:42 Europe/Berlin] The words selected for each character are: 
[18-Jun-2021 07:54:58 Europe/Berlin] The input word is : fish
[18-Jun-2021 07:54:58 Europe/Berlin] It contains 4 characters
[18-Jun-2021 07:54:58 Europe/Berlin]  This is the trimmed collection for f
[18-Jun-2021 07:54:59 Europe/Berlin] The words selected for each character are: 
[18-Jun-2021 07:54:59 Europe/Berlin]  This is the trimmed collection for i
[18-Jun-2021 07:54:59 Europe/Berlin] The words selected for each character are: 
[18-Jun-2021 07:54:59 Europe/Berlin]  This is the trimmed collection for s
[18-Jun-2021 07:54:59 Europe/Berlin] The words selected for each character are: 
[18-Jun-2021 07:54:59 Europe/Berlin]  This is the trimmed collection for h
[18-Jun-2021 07:54:59 Europe/Berlin] The words selected for each character are: 
[18-Jun-2021 07:55:16 Europe/Berlin] The input word is : fish
[18-Jun-2021 07:55:16 Europe/Berlin] It contains 4 characters
[18-Jun-2021 07:55:16 Europe/Berlin]  This is the trimmed collection for f
[18-Jun-2021 07:55:16 Europe/Berlin] The words selected for each character are: 
[18-Jun-2021 07:55:16 Europe/Berlin]  This is the trimmed collection for i
[18-Jun-2021 07:55:16 Europe/Berlin] The words selected for each character are: 
[18-Jun-2021 07:55:16 Europe/Berlin]  This is the trimmed collection for s
[18-Jun-2021 07:55:17 Europe/Berlin] The words selected for each character are: 
[18-Jun-2021 07:55:17 Europe/Berlin]  This is the trimmed collection for h
[18-Jun-2021 07:55:17 Europe/Berlin] The words selected for each character are: 
[18-Jun-2021 07:56:26 Europe/Berlin] The input word is : fish
[18-Jun-2021 07:56:27 Europe/Berlin] It contains 4 characters
[18-Jun-2021 07:56:27 Europe/Berlin]  This is the trimmed collection for f
[18-Jun-2021 07:56:27 Europe/Berlin] The words selected for each character are: 
[18-Jun-2021 07:56:27 Europe/Berlin]  This is the trimmed collection for i
[18-Jun-2021 07:56:27 Europe/Berlin] The words selected for each character are: 
[18-Jun-2021 07:56:27 Europe/Berlin]  This is the trimmed collection for s
[18-Jun-2021 07:56:27 Europe/Berlin] The words selected for each character are: 
[18-Jun-2021 07:56:27 Europe/Berlin]  This is the trimmed collection for h
[18-Jun-2021 07:56:27 Europe/Berlin] The words selected for each character are: 
[18-Jun-2021 07:59:27 Europe/Berlin] The input word is : fish
[18-Jun-2021 07:59:27 Europe/Berlin] It contains 4 characters
[18-Jun-2021 07:59:27 Europe/Berlin]  This is the trimmed collection for f
[18-Jun-2021 07:59:27 Europe/Berlin] The words selected for each character are: 
[18-Jun-2021 07:59:27 Europe/Berlin] PHP Warning:  Undefined variable $temp_selected_clue_word in C:\xampp\htdocs\synonyms\puzzle1.php on line 311
[18-Jun-2021 07:59:27 Europe/Berlin] PHP Warning:  Undefined variable $temp_selected_clue_word in C:\xampp\htdocs\synonyms\puzzle1.php on line 312
[18-Jun-2021 07:59:27 Europe/Berlin]  This is the trimmed collection for i
[18-Jun-2021 07:59:27 Europe/Berlin] The words selected for each character are: 
[18-Jun-2021 07:59:27 Europe/Berlin] PHP Warning:  Undefined variable $temp_selected_clue_word in C:\xampp\htdocs\synonyms\puzzle1.php on line 311
[18-Jun-2021 07:59:27 Europe/Berlin] PHP Warning:  Undefined variable $temp_selected_clue_word in C:\xampp\htdocs\synonyms\puzzle1.php on line 312
[18-Jun-2021 07:59:28 Europe/Berlin]  This is the trimmed collection for s
[18-Jun-2021 07:59:28 Europe/Berlin] The words selected for each character are: 
[18-Jun-2021 07:59:28 Europe/Berlin] PHP Warning:  Undefined variable $temp_selected_clue_word in C:\xampp\htdocs\synonyms\puzzle1.php on line 311
[18-Jun-2021 07:59:28 Europe/Berlin] PHP Warning:  Undefined variable $temp_selected_clue_word in C:\xampp\htdocs\synonyms\puzzle1.php on line 312
[18-Jun-2021 07:59:28 Europe/Berlin]  This is the trimmed collection for h
[18-Jun-2021 07:59:28 Europe/Berlin] The words selected for each character are: 
[18-Jun-2021 07:59:28 Europe/Berlin] PHP Warning:  Undefined variable $temp_selected_clue_word in C:\xampp\htdocs\synonyms\puzzle1.php on line 311
[18-Jun-2021 07:59:28 Europe/Berlin] PHP Warning:  Undefined variable $temp_selected_clue_word in C:\xampp\htdocs\synonyms\puzzle1.php on line 312
[18-Jun-2021 08:02:07 Europe/Berlin] The input word is : fish
[18-Jun-2021 08:02:07 Europe/Berlin] It contains 4 characters
[18-Jun-2021 08:02:07 Europe/Berlin]  This is the trimmed collection for f
[18-Jun-2021 08:02:07 Europe/Berlin] The words selected for each character are: 
[18-Jun-2021 08:02:07 Europe/Berlin]  This is the trimmed collection for i
[18-Jun-2021 08:02:07 Europe/Berlin] The words selected for each character are: 
[18-Jun-2021 08:02:07 Europe/Berlin]  This is the trimmed collection for s
[18-Jun-2021 08:02:07 Europe/Berlin] The words selected for each character are: 
[18-Jun-2021 08:02:07 Europe/Berlin]  This is the trimmed collection for h
[18-Jun-2021 08:02:08 Europe/Berlin] The words selected for each character are: 
[18-Jun-2021 08:03:27 Europe/Berlin] The input word is : cat
[18-Jun-2021 08:03:28 Europe/Berlin] It contains 3 characters
[18-Jun-2021 08:03:28 Europe/Berlin]  This is the trimmed collection for c
[18-Jun-2021 08:03:28 Europe/Berlin] The words selected for each character are: 
[18-Jun-2021 08:03:28 Europe/Berlin]  This is the trimmed collection for a
[18-Jun-2021 08:03:28 Europe/Berlin] The words selected for each character are: 
[18-Jun-2021 08:03:28 Europe/Berlin]  This is the trimmed collection for t
[18-Jun-2021 08:03:28 Europe/Berlin] The words selected for each character are: 
>>>>>>> Stashed changes
